<?xml version="1.0" encoding="UTF-8"?>
<!-- Generated by org.testng.reporters.JUnitReportReporter -->
<testsuite hostname="DESKTOP-U141RJ1" failures="0" tests="1" name="com.qkart.testCases.TC_LoginTest_001" time="5.654" errors="0" timestamp="2024-03-04T23:00:30 IST" skipped="0">
  <testcase classname="com.qkart.testCases.TC_LoginTest_001" name="loginTest" time="5.654"/>
  <system-out/>
</testsuite> <!-- com.qkart.testCases.TC_LoginTest_001 -->
