<?xml version="1.0" encoding="UTF-8"?>
<!-- Generated by org.testng.reporters.JUnitReportReporter -->
<testsuite hostname="DESKTOP-U141RJ1" failures="0" tests="4" name="com.qkart.testCases.TC_LoginDDT_004" time="7.466" errors="0" timestamp="2024-03-04T23:00:30 IST" skipped="0">
  <testcase classname="com.qkart.testCases.TC_LoginDDT_004" name="loginDDT" time="0.878"/>
  <system-out/>
  <testcase classname="com.qkart.testCases.TC_LoginDDT_004" name="loginDDT" time="2.523"/>
  <system-out/>
  <testcase classname="com.qkart.testCases.TC_LoginDDT_004" name="loginDDT" time="0.876"/>
  <system-out/>
  <testcase classname="com.qkart.testCases.TC_LoginDDT_004" name="loginDDT" time="3.189"/>
  <system-out/>
</testsuite> <!-- com.qkart.testCases.TC_LoginDDT_004 -->
